<?xml version="1.0" encoding="UTF-8"?>
<!-- Generated by org.testng.reporters.JUnitReportReporter -->
<testsuite hostname="Naveens-MacBook-Air.local" failures="1" tests="3" name="com.tests.LoginTest" time="43.694" errors="0" timestamp="2025-07-19T19:09:07 IST" skipped="0">
  <testcase classname="com.tests.LoginTest" name="testLogin" time="14.671"/>
  <testcase classname="com.tests.LoginTest" name="invalidTestInLogin" time="14.691">
    <failure message="The following asserts failed:
	Login Failed" type="java.lang.AssertionError">
      <![CDATA[java.lang.AssertionError: The following asserts failed:
Login Failed
at org.testng.asserts.SoftAssert.assertAll(SoftAssert.java:46)
at org.testng.asserts.SoftAssert.assertAll(SoftAssert.java:30)
at com.pages.HomePage.checkDashboardMenuVisibility(HomePage.java:61)
at com.tests.LoginTest.invalidTestInLogin(LoginTest.java:81)
at java.base/jdk.internal.reflect.NativeMethodAccessorImpl.invoke0(Native Method)
at java.base/jdk.internal.reflect.NativeMethodAccessorImpl.invoke(NativeMethodAccessorImpl.java:77)
at java.base/jdk.internal.reflect.DelegatingMethodAccessorImpl.invoke(DelegatingMethodAccessorImpl.java:43)
at java.base/java.lang.reflect.Method.invoke(Method.java:568)
at org.testng.internal.invokers.MethodInvocationHelper.invokeMethod(MethodInvocationHelper.java:139)
at org.testng.internal.invokers.InvokeMethodRunnable.runOne(InvokeMethodRunnable.java:47)
at org.testng.internal.invokers.InvokeMethodRunnable.call(InvokeMethodRunnable.java:76)
at org.testng.internal.invokers.InvokeMethodRunnable.call(InvokeMethodRunnable.java:11)
at java.base/java.util.concurrent.FutureTask.run(FutureTask.java:264)
at java.base/java.util.concurrent.ThreadPoolExecutor.runWorker(ThreadPoolExecutor.java:1136)
at java.base/java.util.concurrent.ThreadPoolExecutor$Worker.run(ThreadPoolExecutor.java:635)
at java.base/java.lang.Thread.run(Thread.java:842)
]]>
    </failure>
  </testcase> <!-- invalidTestInLogin -->
  <testcase classname="com.tests.LoginTest" name="testLogin" time="14.332"/>
</testsuite> <!-- com.tests.LoginTest -->
