<?xml version="1.0" encoding="UTF-8"?>
<!-- Generated by org.testng.reporters.JUnitReportReporter -->
<testsuite hostname="Naveens-MacBook-Air.local" failures="0" tests="1" name="com.tests.LoginTest" time="19.179" errors="0" timestamp="2025-06-14T21:00:02 IST" skipped="0">
  <testcase classname="com.tests.LoginTest" name="testLogin" time="19.179"/>
  <system-out/>
</testsuite> <!-- com.tests.LoginTest -->
